admin|2017-03-06 09:32|更新AppProject|版本 0。

-----------------------------------------------------------------
admin|2017-03-06 09:42|更新testsvnname|版本 51。

-----------------------------------------------------------------
admin|2017-03-06 09:45|回滚testsvnname|D    /svndata/repos/testaaaaaaaa.txt
更新到版本 50。

-----------------------------------------------------------------
admin|2017-03-06 09:47|更新testsvnname|A    /svndata/repos/testaaaaaaaa.txt
更新到版本 51。

-----------------------------------------------------------------
admin|2017-03-06 09:48|回滚testsvnname|D    /svndata/repos/testaaaaaaaa.txt
更新到版本 50。

-----------------------------------------------------------------
admin|2017-03-06 09:50|回滚testsvnname|A    /svndata/repos/asdfadsfasffsdfa.txt
更新到版本 49。

-----------------------------------------------------------------
admin|2017-03-06 09:51|更新testsvnname|D    /svndata/repos/asdfadsfasffsdfa.txt
A    /svndata/repos/testaaaaaaaa.txt
更新到版本 51。

-----------------------------------------------------------------
admin|2017-03-06 17:08|更新testsvnname|版本 51。

-----------------------------------------------------------------
