
2017-02-27 12:07
testsvnname:
版本 45。


-----------------------------------------------------------------

2017-02-27 12:07
testsvnname:
版本 45。


-----------------------------------------------------------------

2017-02-27 12:08
testsvnname:
版本 45。


-----------------------------------------------------------------

2017-02-27 12:09
<django.db.models.query_utils.DeferredAttribute object at 0x0000000003400828>testsvnname:
版本 45。


-----------------------------------------------------------------

2017-02-27 13:25
testsvnname:
版本 45。


-----------------------------------------------------------------

2017-02-27 13:28
testsvnname:
版本 45。


-----------------------------------------------------------------

2017-02-27 13:33
testsvnname:
版本 45。


-----------------------------------------------------------------

2017-02-27 13:33
testsvnname:
版本 45。


-----------------------------------------------------------------

2017-02-27 13:34
testsvnname:
版本 45。


-----------------------------------------------------------------

2017-02-27 13:38
<django.db.models.query_utils.DeferredAttribute object at 0x00000000034916D8>testsvnname:
版本 45。


-----------------------------------------------------------------

2017-02-27 13:49
testsvnname:
版本 45。


-----------------------------------------------------------------

2017-02-27 13:52
testsvnname:
版本 45。


-----------------------------------------------------------------

2017-02-27 13:52
testsvnname:
版本 45。


-----------------------------------------------------------------

2017-02-27 13:55
testsvnname:
版本 45。


-----------------------------------------------------------------

2017-02-27 13:56
testsvnname:
版本 45。


-----------------------------------------------------------------

2017-02-27 14:04
testsvnname:
版本 45。


-----------------------------------------------------------------

2017-02-27 14:06
testsvnname:
版本 45。


-----------------------------------------------------------------

2017-02-27 14:11
testsvnname:
版本 45。


-----------------------------------------------------------------

2017-02-27 14:14
testsvnname:
版本 45。


-----------------------------------------------------------------

2017-02-27 14:17
testsvnname:
版本 45。


-----------------------------------------------------------------

2017-02-27 14:25
testsvnname:
版本 45。


-----------------------------------------------------------------

2017-02-27 14:27
testsvnname:
版本 45。


-----------------------------------------------------------------

2017-02-27 14:28
testsvnname:
版本 45。


-----------------------------------------------------------------

2017-02-27 14:28
testsvnname:
版本 45。


-----------------------------------------------------------------

2017-02-27 14:32
testsvnname:
版本 45。


-----------------------------------------------------------------

2017-02-27 14:35
testsvnname:
版本 45。


-----------------------------------------------------------------

2017-02-27 14:40
testsvnname:
版本 45。


-----------------------------------------------------------------

2017-02-27 14:40
testsvnname:
版本 45。


-----------------------------------------------------------------

2017-02-27 14:42
testsvnname:
版本 45。


-----------------------------------------------------------------

2017-02-27 16:25
testsvnname:
版本 45。


-----------------------------------------------------------------

2017-02-27 16:26
testsvnname:
版本 45。


-----------------------------------------------------------------

2017-02-27 17:57
testsvnname:
版本 45。


-----------------------------------------------------------------

2017-02-27 17:57
testsvnname:
版本 45。


-----------------------------------------------------------------

2017-02-27 18:00
admintestsvnname:
版本 45。


-----------------------------------------------------------------
admin

2017-02-27 18:01
testsvnname:
版本 45。


-----------------------------------------------------------------
admin

2017-02-27 18:02
testsvnname:
版本 45。


-----------------------------------------------------------------
admin

2017-02-27 18:02
testsvnname:
版本 45。


-----------------------------------------------------------------
admin

2017-02-27 18:02
testsvnname:
版本 45。


-----------------------------------------------------------------
admin

2017-02-27 18:03
testsvnname:
版本 45。


-----------------------------------------------------------------
admin

2017-02-27 18:03
testsvnname:
版本 45。


-----------------------------------------------------------------

-----------------------------------------------------------------
admin

2017-02-27 18:06
testsvnname:
版本 45。


-----------------------------------------------------------------
admin

2017-02-27 18:06
testsvnname:
版本 45。


-----------------------------------------------------------------
admin

2017-02-27 18:07
testsvnname:
版本 45。


-----------------------------------------------------------------
admin

2017-02-27 18:07
testsvnname:
版本 45。


-----------------------------------------------------------------
admin

2017-02-27 18:07
testsvnname:
版本 45。


-----------------------------------------------------------------
admin

2017-02-27 18:07
testsvnname:
版本 45。


-----------------------------------------------------------------
admin

2017-02-27 18:07
testsvnname:
版本 45。


-----------------------------------------------------------------
admin

2017-02-27 18:07
testsvnname:
版本 45。


-----------------------------------------------------------------
admin

2017-02-27 18:07
testsvnname:
版本 45。


-----------------------------------------------------------------
admin

2017-02-27 18:08
testsvnname:
版本 45。


-----------------------------------------------------------------
admin

2017-02-27 18:08
testsvnname:
版本 45。


-----------------------------------------------------------------
admin

2017-02-27 18:08
testsvnname:
版本 45。


-----------------------------------------------------------------
admin

2017-02-27 18:08
testsvnname:
版本 45。


-----------------------------------------------------------------
