<django.db.models.query_utils.DeferredAttribute object at 0x00000000034BE668>
2017-03-02 08:50
AppProject:
版本 0。


-----------------------------------------------------------------
<django.db.models.query_utils.DeferredAttribute object at 0x00000000034BE668>
2017-03-02 08:52
AppProject:
版本 0。


-----------------------------------------------------------------
<django.db.models.query_utils.DeferredAttribute object at 0x00000000033FE668>
2017-03-02 08:55
AppProject:
版本 0。


-----------------------------------------------------------------
<django.db.models.query_utils.DeferredAttribute object at 0x000000000352E668>
2017-03-02 08:56
AppProject:
版本 0。


-----------------------------------------------------------------
admin
2017-03-02 08:58
AppProject:
版本 0。


-----------------------------------------------------------------
admin
2017-03-02 08:58
AppProject:
版本 0。


-----------------------------------------------------------------
admin
2017-03-02 09:30
AppProject:
版本 0。


-----------------------------------------------------------------
admin
2017-03-02 09:30
testsvnname:
版本 51。


-----------------------------------------------------------------
admin
2017-03-02 09:30
testsvnname:
D    /svndata/repos/testaaaaaaaa.txt
更新到版本 50。


-----------------------------------------------------------------
admin
2017-03-02 11:40
testsvnname:
版本 51。


-----------------------------------------------------------------
admin
2017-03-02 11:45
testsvnname:
D    /svndata/repos/testaaaaaaaa.txt
更新到版本 50。


-----------------------------------------------------------------
admin
2017-03-02 11:45
testsvnname:
A    /svndata/repos/asdfadsfasffsdfa.txt
更新到版本 49。


-----------------------------------------------------------------
admin
2017-03-02 11:47
AppProject:
版本 0。


-----------------------------------------------------------------
admin
2017-03-02 11:48
AppProject:


-----------------------------------------------------------------
admin
2017-03-02 11:48
testsvnname:
D    /svndata/repos/asdfadsfasffsdfa.txt
A    /svndata/repos/testaaaaaaaa.txt
更新到版本 51。


-----------------------------------------------------------------
admin
2017-03-02 11:50
testsvnname:
D    /svndata/repos/testaaaaaaaa.txt
更新到版本 50。


-----------------------------------------------------------------
admin
2017-03-02 11:51
testsvnname:
A    /svndata/repos/testaaaaaaaa.txt
更新到版本 51。


-----------------------------------------------------------------
test
2017-03-02 11:53
testsvnname:
版本 51。


-----------------------------------------------------------------
admin
2017-03-02 13:34
testsvnname:
版本 51。


-----------------------------------------------------------------
admin
2017-03-02 13:35
AppProject:


-----------------------------------------------------------------
admin
2017-03-02 13:36
AppProject:
版本 0。


-----------------------------------------------------------------
admin
2017-03-02 13:45
AppProject:
版本 0。


-----------------------------------------------------------------
admin
2017-03-02 14:31
testsvnname:
版本 51。


-----------------------------------------------------------------
admin
2017-03-02 14:34
testsvnname:
版本 51。


-----------------------------------------------------------------
admin<br>2017-03-02 14:39<br>testsvnname:<br>版本 51。<br>
-----------------------------------------------------------------
2017-03-02 14:40-admin-更新-testsvnname
-----------------------------------------------------------------
2017-03-02 14:43-admin-更新-AppProject
-----------------------------------------------------------------
2017-03-02 14:43-admin-更新-AppProject
-----------------------------------------------------------------
2017-03-02 14:43-admin-更新-AppProject
-----------------------------------------------------------------
2017-03-02 14:43-admin-更新-testsvnname
-----------------------------------------------------------------
2017-03-02 14:43-admin-更新-testsvnname
-----------------------------------------------------------------
admin
2017-03-02 14:45
AppProject:
版本 0。


-----------------------------------------------------------------
admin
2017-03-02 14:56
更新testsvnname:
版本 51。


-----------------------------------------------------------------
admin
2017-03-02 14:57
回滚testsvnname:
D    /svndata/repos/testaaaaaaaa.txt
更新到版本 50。


-----------------------------------------------------------------
